<?xml version="1.0" encoding="UTF-8"?>
<testng-results skipped="2" failed="7" ignored="4" total="18" passed="5">
  <reporter-output>
  </reporter-output>
  <suite name="All tests" duration-ms="554987" started-at="2019-06-18T06:07:50Z" finished-at="2019-06-18T06:17:05Z">
    <groups>
      <group name="signupAndDelete">
        <method signature="EmailSignupTest.createAccountInTheSignupFlowAndThenDeactivateTheAccount(java.lang.String, java.lang.String, java.lang.String, java.lang.String, java.lang.String)[pri:0, instance:com.automation.testCases.Signup.EmailSignupTest@2d66dad4]" name="createAccountInTheSignupFlowAndThenDeactivateTheAccount" class="com.automation.testCases.Signup.EmailSignupTest"/>
        <method signature="EmailSignupTest.createAccountInTheSignupFlowAndThenDeactivateTheAccount(java.lang.String, java.lang.String, java.lang.String, java.lang.String, java.lang.String)[pri:0, instance:com.automation.testCases.Signup.EmailSignupTest@4e673509]" name="createAccountInTheSignupFlowAndThenDeactivateTheAccount" class="com.automation.testCases.Signup.EmailSignupTest"/>
      </group> <!-- signupAndDelete -->
    </groups>
    <test name="Android device 1" duration-ms="513495" started-at="2019-06-18T06:07:50Z" finished-at="2019-06-18T06:16:23Z">
      <class name="com.automation.testCases.Login.EmailLoginTest">
        <test-method status="PASS" signature="setup(java.lang.String, java.lang.String, java.lang.String, java.lang.String)[pri:0, instance:com.automation.testCases.Login.EmailLoginTest@48bde6c0]" name="setup" is-config="true" duration-ms="12417" started-at="2019-06-18T08:13:48Z" finished-at="2019-06-18T08:14:00Z">
          <params>
            <param index="0">
              <value>
                <![CDATA[emulator-5554]]>
              </value>
            </param>
            <param index="1">
              <value>
                <![CDATA[7.1.1]]>
              </value>
            </param>
            <param index="2">
              <value>
                <![CDATA[Android]]>
              </value>
            </param>
            <param index="3">
              <value>
                <![CDATA[5100]]>
              </value>
            </param>
          </params>
          <reporter-output>
          </reporter-output>
        </test-method> <!-- setup -->
        <test-method status="FAIL" signature="fromStartpageLoginWithWrongCredentialSE()[pri:0, instance:com.automation.testCases.Login.EmailLoginTest@48bde6c0]" name="fromStartpageLoginWithWrongCredentialSE" duration-ms="0" started-at="2019-06-18T08:14:00Z" finished-at="2019-06-18T08:14:00Z">
          <exception class="java.lang.NullPointerException">
            <full-stacktrace>
              <![CDATA[java.lang.NullPointerException
	at com.automation.testCases.Login.EmailLoginTest.fromStartpageLoginWithWrongCredentialSE(EmailLoginTest.java:18)
	at sun.reflect.NativeMethodAccessorImpl.invoke0(Native Method)
	at sun.reflect.NativeMethodAccessorImpl.invoke(NativeMethodAccessorImpl.java:62)
	at sun.reflect.DelegatingMethodAccessorImpl.invoke(DelegatingMethodAccessorImpl.java:43)
	at java.lang.reflect.Method.invoke(Method.java:498)
	at org.testng.internal.MethodInvocationHelper.invokeMethod(MethodInvocationHelper.java:104)
	at org.testng.internal.Invoker.invokeMethod(Invoker.java:645)
	at org.testng.internal.Invoker.invokeTestMethod(Invoker.java:851)
	at org.testng.internal.Invoker.invokeTestMethods(Invoker.java:1177)
	at org.testng.internal.TestMethodWorker.invokeTestMethods(TestMethodWorker.java:129)
	at org.testng.internal.TestMethodWorker.run(TestMethodWorker.java:112)
	at org.testng.TestRunner.privateRun(TestRunner.java:756)
	at org.testng.TestRunner.run(TestRunner.java:610)
	at org.testng.SuiteRunner.runTest(SuiteRunner.java:387)
	at org.testng.SuiteRunner.access$000(SuiteRunner.java:39)
	at org.testng.SuiteRunner$SuiteWorker.run(SuiteRunner.java:421)
	at org.testng.internal.thread.ThreadUtil$2.call(ThreadUtil.java:64)
	at java.util.concurrent.FutureTask.run(FutureTask.java:266)
	at java.util.concurrent.ThreadPoolExecutor.runWorker(ThreadPoolExecutor.java:1149)
	at java.util.concurrent.ThreadPoolExecutor$Worker.run(ThreadPoolExecutor.java:624)
	at java.lang.Thread.run(Thread.java:748)
]]>
            </full-stacktrace>
          </exception> <!-- java.lang.NullPointerException -->
          <reporter-output>
          </reporter-output>
        </test-method> <!-- fromStartpageLoginWithWrongCredentialSE -->
        <test-method status="PASS" signature="tearDown()[pri:0, instance:com.automation.testCases.Login.EmailLoginTest@48bde6c0]" name="tearDown" is-config="true" duration-ms="0" started-at="2019-06-18T08:16:22Z" finished-at="2019-06-18T08:16:22Z">
          <reporter-output>
          </reporter-output>
        </test-method> <!-- tearDown -->
        <test-method status="SKIP" signature="fromStartpageLoginWitDdifferentWrongCredential(java.lang.String, java.lang.String, java.lang.String)[pri:0, instance:com.automation.testCases.Login.EmailLoginTest@48bde6c0]" name="fromStartpageLoginWitDdifferentWrongCredential" duration-ms="0" started-at="2019-06-18T08:16:22Z" data-provider="loginAccountsSE" depends-on-methods="com.automation.testCases.Login.EmailLoginTest.fromStartpageLoginWithWrongCredentialSE" finished-at="2019-06-18T08:16:22Z">
          <exception class="java.lang.Throwable">
            <message>
              <![CDATA[Method EmailLoginTest.fromStartpageLoginWitDdifferentWrongCredential(java.lang.String, java.lang.String, java.lang.String)[pri:0, instance:com.automation.testCases.Login.EmailLoginTest@48bde6c0] depends on not successfully finished methods]]>
            </message>
            <full-stacktrace>
              <![CDATA[java.lang.Throwable: Method EmailLoginTest.fromStartpageLoginWitDdifferentWrongCredential(java.lang.String, java.lang.String, java.lang.String)[pri:0, instance:com.automation.testCases.Login.EmailLoginTest@48bde6c0] depends on not successfully finished methods
	at org.testng.internal.Invoker.invokeTestMethods(Invoker.java:1068)
	at org.testng.internal.TestMethodWorker.invokeTestMethods(TestMethodWorker.java:129)
	at org.testng.internal.TestMethodWorker.run(TestMethodWorker.java:112)
	at org.testng.TestRunner.privateRun(TestRunner.java:756)
	at org.testng.TestRunner.run(TestRunner.java:610)
	at org.testng.SuiteRunner.runTest(SuiteRunner.java:387)
	at org.testng.SuiteRunner.access$000(SuiteRunner.java:39)
	at org.testng.SuiteRunner$SuiteWorker.run(SuiteRunner.java:421)
	at org.testng.internal.thread.ThreadUtil$2.call(ThreadUtil.java:64)
	at java.util.concurrent.FutureTask.run(FutureTask.java:266)
	at java.util.concurrent.ThreadPoolExecutor.runWorker(ThreadPoolExecutor.java:1149)
	at java.util.concurrent.ThreadPoolExecutor$Worker.run(ThreadPoolExecutor.java:624)
	at java.lang.Thread.run(Thread.java:748)
]]>
            </full-stacktrace>
          </exception> <!-- java.lang.Throwable -->
          <reporter-output>
          </reporter-output>
        </test-method> <!-- fromStartpageLoginWitDdifferentWrongCredential -->
      </class> <!-- com.automation.testCases.Login.EmailLoginTest -->
      <class name="com.automation.testCases.Signup.EmailSignupTest">
        <test-method status="PASS" signature="startAppiumServers(java.lang.String)[pri:0, instance:com.automation.testCases.Signup.EmailSignupTest@2d66dad4]" name="startAppiumServers" is-config="true" duration-ms="3849" started-at="2019-06-18T08:07:50Z" finished-at="2019-06-18T08:07:54Z">
          <params>
            <param index="0">
              <value>
                <![CDATA[5100]]>
              </value>
            </param>
          </params>
          <reporter-output>
          </reporter-output>
        </test-method> <!-- startAppiumServers -->
        <test-method status="PASS" signature="setup(java.lang.String, java.lang.String, java.lang.String, java.lang.String)[pri:0, instance:com.automation.testCases.Signup.EmailSignupTest@2d66dad4]" name="setup" is-config="true" duration-ms="17332" started-at="2019-06-18T08:07:54Z" finished-at="2019-06-18T08:08:11Z">
          <params>
            <param index="0">
              <value>
                <![CDATA[emulator-5554]]>
              </value>
            </param>
            <param index="1">
              <value>
                <![CDATA[7.1.1]]>
              </value>
            </param>
            <param index="2">
              <value>
                <![CDATA[Android]]>
              </value>
            </param>
            <param index="3">
              <value>
                <![CDATA[5100]]>
              </value>
            </param>
          </params>
          <reporter-output>
          </reporter-output>
        </test-method> <!-- setup -->
        <test-method status="FAIL" signature="createAccountInTheSignupFlowAndThenDeactivateTheAccount(java.lang.String, java.lang.String, java.lang.String, java.lang.String, java.lang.String)[pri:0, instance:com.automation.testCases.Signup.EmailSignupTest@2d66dad4]" name="createAccountInTheSignupFlowAndThenDeactivateTheAccount" duration-ms="90776" started-at="2019-06-18T08:08:11Z" data-provider="userPerCountry" finished-at="2019-06-18T08:09:42Z">
          <params>
            <param index="0">
              <value>
                <![CDATA[SE]]>
              </value>
            </param>
            <param index="1">
              <value>
                <![CDATA[Testse]]>
              </value>
            </param>
            <param index="2">
              <value>
                <![CDATA[test]]>
              </value>
            </param>
            <param index="3">
              <value>
                <![CDATA[Testse.test@testse.com]]>
              </value>
            </param>
            <param index="4">
              <value>
                <![CDATA[12345678]]>
              </value>
            </param>
          </params>
          <exception class="org.openqa.selenium.NoSuchElementException">
            <message>
              <![CDATA[Can't locate an element by this strategy: By.cssSelector: button.button.therapist-outro__button]]>
            </message>
            <full-stacktrace>
              <![CDATA[org.openqa.selenium.NoSuchElementException: Can't locate an element by this strategy: By.cssSelector: button.button.therapist-outro__button
	at io.appium.java_client.pagefactory.AppiumElementLocator.findElement(AppiumElementLocator.java:126)
	at io.appium.java_client.pagefactory.interceptors.InterceptorOfASingleElement.intercept(InterceptorOfASingleElement.java:59)
	at io.appium.java_client.android.AndroidElement$$EnhancerByCGLIB$$b598166c.click(<generated>)
	at com.automation.pageObjects.QuestionPage.startTheQuestionary(QuestionPage.java:115)
	at com.automation.testCases.Signup.EmailSignupTest.createAccountInTheSignupFlowAndThenDeactivateTheAccount(EmailSignupTest.java:19)
	at sun.reflect.NativeMethodAccessorImpl.invoke0(Native Method)
	at sun.reflect.NativeMethodAccessorImpl.invoke(NativeMethodAccessorImpl.java:62)
	at sun.reflect.DelegatingMethodAccessorImpl.invoke(DelegatingMethodAccessorImpl.java:43)
	at java.lang.reflect.Method.invoke(Method.java:498)
	at org.testng.internal.MethodInvocationHelper.invokeMethod(MethodInvocationHelper.java:104)
	at org.testng.internal.Invoker.invokeMethod(Invoker.java:645)
	at org.testng.internal.Invoker.invokeTestMethod(Invoker.java:851)
	at org.testng.internal.Invoker.invokeTestMethods(Invoker.java:1177)
	at org.testng.internal.TestMethodWorker.invokeTestMethods(TestMethodWorker.java:129)
	at org.testng.internal.TestMethodWorker.run(TestMethodWorker.java:112)
	at org.testng.TestRunner.privateRun(TestRunner.java:756)
	at org.testng.TestRunner.run(TestRunner.java:610)
	at org.testng.SuiteRunner.runTest(SuiteRunner.java:387)
	at org.testng.SuiteRunner.access$000(SuiteRunner.java:39)
	at org.testng.SuiteRunner$SuiteWorker.run(SuiteRunner.java:421)
	at org.testng.internal.thread.ThreadUtil$2.call(ThreadUtil.java:64)
	at java.util.concurrent.FutureTask.run(FutureTask.java:266)
	at java.util.concurrent.ThreadPoolExecutor.runWorker(ThreadPoolExecutor.java:1149)
	at java.util.concurrent.ThreadPoolExecutor$Worker.run(ThreadPoolExecutor.java:624)
	at java.lang.Thread.run(Thread.java:748)
Caused by: org.openqa.selenium.TimeoutException: Expected condition failed: waiting for io.appium.java_client.pagefactory.AppiumElementLocator$WaitingFunction@4a9d4cc5 (tried for 1 second(s) with 500 milliseconds interval)
	at org.openqa.selenium.support.ui.FluentWait.timeoutException(FluentWait.java:304)
	at org.openqa.selenium.support.ui.FluentWait.until(FluentWait.java:272)
	at io.appium.java_client.pagefactory.AppiumElementLocator.waitFor(AppiumElementLocator.java:99)
	at io.appium.java_client.pagefactory.AppiumElementLocator.findElement(AppiumElementLocator.java:119)
	... 24 more
Caused by: org.openqa.selenium.NoSuchElementException: no such element: Unable to locate element: {"method":"css selector","selector":"button.button.therapist-outro__button"}
  (Session info: chrome=55.0.2883.91)
  (Driver info: chromedriver=2.27.440174 (e97a722caafc2d3a8b807ee115bfb307f7d2cfd9),platform=Windows NT 10.0.17763 x86_64)
For documentation on this error, please visit: https://www.seleniumhq.org/exceptions/no_such_element.html
Build info: version: '3.141.59', revision: 'e82be7d358', time: '2018-11-14T08:17:03'
System info: host: 'DESKTOP-CCGNHEN', ip: '192.168.106.113', os.name: 'Windows 10', os.arch: 'amd64', os.version: '10.0', java.version: '1.8.0_211'
Driver info: io.appium.java_client.android.AndroidDriver
Capabilities {appActivity: .MainActivity, appPackage: ai.arthro.jointacademy_stage, autoWebview: true, chromedriverExecutableDir: C:\Users\gordo\githubJA\e2e..., databaseEnabled: false, desired: {appActivity: .MainActivity, appPackage: ai.arthro.jointacademy_stage, autoWebview: true, chromedriverExecutableDir: C:\Users\gordo\githubJA\e2e..., deviceName: emulator-5554, newCommandTimeout: 50, noReset: false, platformName: android, platformVersion: 7.1.1, udid: emulator-5554}, deviceManufacturer: Google, deviceModel: Android SDK built for x86, deviceName: emulator-5554, deviceScreenSize: 1440x2560, deviceUDID: emulator-5554, javascriptEnabled: true, locationContextEnabled: false, networkConnectionEnabled: true, newCommandTimeout: 50, noReset: false, platform: LINUX, platformName: Android, platformVersion: 7.1.1, takesScreenshot: true, udid: emulator-5554, warnings: {}, webStorageEnabled: false}
Session ID: 8ade0c49-928c-4fe4-8325-5c6576acd316
*** Element info: {Using=css selector, value=button.button.therapist-outro__button}
	at sun.reflect.NativeConstructorAccessorImpl.newInstance0(Native Method)
	at sun.reflect.NativeConstructorAccessorImpl.newInstance(NativeConstructorAccessorImpl.java:62)
	at sun.reflect.DelegatingConstructorAccessorImpl.newInstance(DelegatingConstructorAccessorImpl.java:45)
	at java.lang.reflect.Constructor.newInstance(Constructor.java:423)
	at org.openqa.selenium.remote.http.W3CHttpResponseCodec.createException(W3CHttpResponseCodec.java:187)
	at org.openqa.selenium.remote.http.W3CHttpResponseCodec.decode(W3CHttpResponseCodec.java:122)
	at org.openqa.selenium.remote.http.W3CHttpResponseCodec.decode(W3CHttpResponseCodec.java:49)
	at org.openqa.selenium.remote.HttpCommandExecutor.execute(HttpCommandExecutor.java:158)
	at io.appium.java_client.remote.AppiumCommandExecutor.execute(AppiumCommandExecutor.java:239)
	at org.openqa.selenium.remote.RemoteWebDriver.execute(RemoteWebDriver.java:552)
	at io.appium.java_client.DefaultGenericMobileDriver.execute(DefaultGenericMobileDriver.java:42)
	at io.appium.java_client.AppiumDriver.execute(AppiumDriver.java:1)
	at io.appium.java_client.android.AndroidDriver.execute(AndroidDriver.java:1)
	at org.openqa.selenium.remote.RemoteWebDriver.findElement(RemoteWebDriver.java:323)
	at io.appium.java_client.DefaultGenericMobileDriver.findElement(DefaultGenericMobileDriver.java:62)
	at io.appium.java_client.AppiumDriver.findElement(AppiumDriver.java:1)
	at io.appium.java_client.android.AndroidDriver.findElement(AndroidDriver.java:1)
	at org.openqa.selenium.remote.RemoteWebDriver.findElementByCssSelector(RemoteWebDriver.java:420)
	at io.appium.java_client.DefaultGenericMobileDriver.findElementByCssSelector(DefaultGenericMobileDriver.java:139)
	at io.appium.java_client.AppiumDriver.findElementByCssSelector(AppiumDriver.java:1)
	at io.appium.java_client.android.AndroidDriver.findElementByCssSelector(AndroidDriver.java:1)
	at org.openqa.selenium.By$ByCssSelector.findElement(By.java:431)
	at org.openqa.selenium.remote.RemoteWebDriver.findElement(RemoteWebDriver.java:315)
	at io.appium.java_client.DefaultGenericMobileDriver.findElement(DefaultGenericMobileDriver.java:58)
	at io.appium.java_client.AppiumDriver.findElement(AppiumDriver.java:1)
	at io.appium.java_client.android.AndroidDriver.findElement(AndroidDriver.java:1)
	at io.appium.java_client.pagefactory.bys.ContentMappedBy.findElement(ContentMappedBy.java:50)
	at org.openqa.selenium.remote.RemoteWebDriver.findElement(RemoteWebDriver.java:315)
	at io.appium.java_client.DefaultGenericMobileDriver.findElement(DefaultGenericMobileDriver.java:58)
	at io.appium.java_client.AppiumDriver.findElement(AppiumDriver.java:1)
	at io.appium.java_client.android.AndroidDriver.findElement(AndroidDriver.java:1)
	at io.appium.java_client.pagefactory.AppiumElementLocator.lambda$0(AppiumElementLocator.java:120)
	at io.appium.java_client.pagefactory.AppiumElementLocator$WaitingFunction.apply(AppiumElementLocator.java:172)
	at io.appium.java_client.pagefactory.AppiumElementLocator$WaitingFunction.apply(AppiumElementLocator.java:1)
	at org.openqa.selenium.support.ui.FluentWait.until(FluentWait.java:249)
	... 26 more
]]>
            </full-stacktrace>
          </exception> <!-- org.openqa.selenium.NoSuchElementException -->
          <reporter-output>
          </reporter-output>
        </test-method> <!-- createAccountInTheSignupFlowAndThenDeactivateTheAccount -->
        <test-method status="FAIL" signature="createAccountInTheSignupFlowAndThenDeactivateTheAccount(java.lang.String, java.lang.String, java.lang.String, java.lang.String, java.lang.String)[pri:0, instance:com.automation.testCases.Signup.EmailSignupTest@2d66dad4]" name="createAccountInTheSignupFlowAndThenDeactivateTheAccount" duration-ms="87606" started-at="2019-06-18T08:09:42Z" data-provider="userPerCountry" finished-at="2019-06-18T08:11:09Z">
          <params>
            <param index="0">
              <value>
                <![CDATA[US]]>
              </value>
            </param>
            <param index="1">
              <value>
                <![CDATA[Testus]]>
              </value>
            </param>
            <param index="2">
              <value>
                <![CDATA[test]]>
              </value>
            </param>
            <param index="3">
              <value>
                <![CDATA[Testus.test@testus.com]]>
              </value>
            </param>
            <param index="4">
              <value>
                <![CDATA[87654321]]>
              </value>
            </param>
          </params>
          <exception class="org.openqa.selenium.NotFoundException">
            <message>
              <![CDATA[Build info: version: '3.141.59', revision: 'e82be7d358', time: '2018-11-14T08:17:03'
System info: host: 'DESKTOP-CCGNHEN', ip: '192.168.106.113', os.name: 'Windows 10', os.arch: 'amd64', os.version: '10.0', java.version: '1.8.0_211'
Driver info: driver.version: unknown]]>
            </message>
            <full-stacktrace>
              <![CDATA[org.openqa.selenium.NotFoundException: Build info: version: '3.141.59', revision: 'e82be7d358', time: '2018-11-14T08:17:03'
System info: host: 'DESKTOP-CCGNHEN', ip: '192.168.106.113', os.name: 'Windows 10', os.arch: 'amd64', os.version: '10.0', java.version: '1.8.0_211'
Driver info: driver.version: unknown
	at com.automation.pageObjects.StartPage.clickOnDebugButton(StartPage.java:36)
	at com.automation.testCases.Signup.EmailSignupTest.createAccountInTheSignupFlowAndThenDeactivateTheAccount(EmailSignupTest.java:15)
	at sun.reflect.NativeMethodAccessorImpl.invoke0(Native Method)
	at sun.reflect.NativeMethodAccessorImpl.invoke(NativeMethodAccessorImpl.java:62)
	at sun.reflect.DelegatingMethodAccessorImpl.invoke(DelegatingMethodAccessorImpl.java:43)
	at java.lang.reflect.Method.invoke(Method.java:498)
	at org.testng.internal.MethodInvocationHelper.invokeMethod(MethodInvocationHelper.java:104)
	at org.testng.internal.Invoker.invokeMethod(Invoker.java:645)
	at org.testng.internal.Invoker.invokeTestMethod(Invoker.java:851)
	at org.testng.internal.Invoker.invokeTestMethods(Invoker.java:1177)
	at org.testng.internal.TestMethodWorker.invokeTestMethods(TestMethodWorker.java:129)
	at org.testng.internal.TestMethodWorker.run(TestMethodWorker.java:112)
	at org.testng.TestRunner.privateRun(TestRunner.java:756)
	at org.testng.TestRunner.run(TestRunner.java:610)
	at org.testng.SuiteRunner.runTest(SuiteRunner.java:387)
	at org.testng.SuiteRunner.access$000(SuiteRunner.java:39)
	at org.testng.SuiteRunner$SuiteWorker.run(SuiteRunner.java:421)
	at org.testng.internal.thread.ThreadUtil$2.call(ThreadUtil.java:64)
	at java.util.concurrent.FutureTask.run(FutureTask.java:266)
	at java.util.concurrent.ThreadPoolExecutor.runWorker(ThreadPoolExecutor.java:1149)
	at java.util.concurrent.ThreadPoolExecutor$Worker.run(ThreadPoolExecutor.java:624)
	at java.lang.Thread.run(Thread.java:748)
]]>
            </full-stacktrace>
          </exception> <!-- org.openqa.selenium.NotFoundException -->
          <reporter-output>
          </reporter-output>
        </test-method> <!-- createAccountInTheSignupFlowAndThenDeactivateTheAccount -->
        <test-method status="FAIL" signature="createAccountInTheSignupFlowAndThenDeactivateTheAccount(java.lang.String, java.lang.String, java.lang.String, java.lang.String, java.lang.String)[pri:0, instance:com.automation.testCases.Signup.EmailSignupTest@2d66dad4]" name="createAccountInTheSignupFlowAndThenDeactivateTheAccount" duration-ms="89126" started-at="2019-06-18T08:11:09Z" data-provider="userPerCountry" finished-at="2019-06-18T08:12:38Z">
          <params>
            <param index="0">
              <value>
                <![CDATA[NO]]>
              </value>
            </param>
            <param index="1">
              <value>
                <![CDATA[Testno]]>
              </value>
            </param>
            <param index="2">
              <value>
                <![CDATA[test]]>
              </value>
            </param>
            <param index="3">
              <value>
                <![CDATA[Testno.test@testno.com]]>
              </value>
            </param>
            <param index="4">
              <value>
                <![CDATA[87654321]]>
              </value>
            </param>
          </params>
          <exception class="org.openqa.selenium.NoSuchElementException">
            <message>
              <![CDATA[Can't locate an element by this strategy: By.cssSelector: button.button.therapist-outro__button]]>
            </message>
            <full-stacktrace>
              <![CDATA[org.openqa.selenium.NoSuchElementException: Can't locate an element by this strategy: By.cssSelector: button.button.therapist-outro__button
	at io.appium.java_client.pagefactory.AppiumElementLocator.findElement(AppiumElementLocator.java:126)
	at io.appium.java_client.pagefactory.interceptors.InterceptorOfASingleElement.intercept(InterceptorOfASingleElement.java:59)
	at io.appium.java_client.android.AndroidElement$$EnhancerByCGLIB$$b598166c.click(<generated>)
	at com.automation.pageObjects.QuestionPage.startTheQuestionary(QuestionPage.java:115)
	at com.automation.testCases.Signup.EmailSignupTest.createAccountInTheSignupFlowAndThenDeactivateTheAccount(EmailSignupTest.java:19)
	at sun.reflect.NativeMethodAccessorImpl.invoke0(Native Method)
	at sun.reflect.NativeMethodAccessorImpl.invoke(NativeMethodAccessorImpl.java:62)
	at sun.reflect.DelegatingMethodAccessorImpl.invoke(DelegatingMethodAccessorImpl.java:43)
	at java.lang.reflect.Method.invoke(Method.java:498)
	at org.testng.internal.MethodInvocationHelper.invokeMethod(MethodInvocationHelper.java:104)
	at org.testng.internal.Invoker.invokeMethod(Invoker.java:645)
	at org.testng.internal.Invoker.invokeTestMethod(Invoker.java:851)
	at org.testng.internal.Invoker.invokeTestMethods(Invoker.java:1177)
	at org.testng.internal.TestMethodWorker.invokeTestMethods(TestMethodWorker.java:129)
	at org.testng.internal.TestMethodWorker.run(TestMethodWorker.java:112)
	at org.testng.TestRunner.privateRun(TestRunner.java:756)
	at org.testng.TestRunner.run(TestRunner.java:610)
	at org.testng.SuiteRunner.runTest(SuiteRunner.java:387)
	at org.testng.SuiteRunner.access$000(SuiteRunner.java:39)
	at org.testng.SuiteRunner$SuiteWorker.run(SuiteRunner.java:421)
	at org.testng.internal.thread.ThreadUtil$2.call(ThreadUtil.java:64)
	at java.util.concurrent.FutureTask.run(FutureTask.java:266)
	at java.util.concurrent.ThreadPoolExecutor.runWorker(ThreadPoolExecutor.java:1149)
	at java.util.concurrent.ThreadPoolExecutor$Worker.run(ThreadPoolExecutor.java:624)
	at java.lang.Thread.run(Thread.java:748)
Caused by: org.openqa.selenium.TimeoutException: Expected condition failed: waiting for io.appium.java_client.pagefactory.AppiumElementLocator$WaitingFunction@4024e93d (tried for 1 second(s) with 500 milliseconds interval)
	at org.openqa.selenium.support.ui.FluentWait.timeoutException(FluentWait.java:304)
	at org.openqa.selenium.support.ui.FluentWait.until(FluentWait.java:272)
	at io.appium.java_client.pagefactory.AppiumElementLocator.waitFor(AppiumElementLocator.java:99)
	at io.appium.java_client.pagefactory.AppiumElementLocator.findElement(AppiumElementLocator.java:119)
	... 24 more
Caused by: org.openqa.selenium.NoSuchElementException: no such element: Unable to locate element: {"method":"css selector","selector":"button.button.therapist-outro__button"}
  (Session info: chrome=55.0.2883.91)
  (Driver info: chromedriver=2.27.440174 (e97a722caafc2d3a8b807ee115bfb307f7d2cfd9),platform=Windows NT 10.0.17763 x86_64)
For documentation on this error, please visit: https://www.seleniumhq.org/exceptions/no_such_element.html
Build info: version: '3.141.59', revision: 'e82be7d358', time: '2018-11-14T08:17:03'
System info: host: 'DESKTOP-CCGNHEN', ip: '192.168.106.113', os.name: 'Windows 10', os.arch: 'amd64', os.version: '10.0', java.version: '1.8.0_211'
Driver info: io.appium.java_client.android.AndroidDriver
Capabilities {appActivity: .MainActivity, appPackage: ai.arthro.jointacademy_stage, autoWebview: true, chromedriverExecutableDir: C:\Users\gordo\githubJA\e2e..., databaseEnabled: false, desired: {appActivity: .MainActivity, appPackage: ai.arthro.jointacademy_stage, autoWebview: true, chromedriverExecutableDir: C:\Users\gordo\githubJA\e2e..., deviceName: emulator-5554, newCommandTimeout: 50, noReset: false, platformName: android, platformVersion: 7.1.1, udid: emulator-5554}, deviceManufacturer: Google, deviceModel: Android SDK built for x86, deviceName: emulator-5554, deviceScreenSize: 1440x2560, deviceUDID: emulator-5554, javascriptEnabled: true, locationContextEnabled: false, networkConnectionEnabled: true, newCommandTimeout: 50, noReset: false, platform: LINUX, platformName: Android, platformVersion: 7.1.1, takesScreenshot: true, udid: emulator-5554, warnings: {}, webStorageEnabled: false}
Session ID: 8ade0c49-928c-4fe4-8325-5c6576acd316
*** Element info: {Using=css selector, value=button.button.therapist-outro__button}
	at sun.reflect.NativeConstructorAccessorImpl.newInstance0(Native Method)
	at sun.reflect.NativeConstructorAccessorImpl.newInstance(NativeConstructorAccessorImpl.java:62)
	at sun.reflect.DelegatingConstructorAccessorImpl.newInstance(DelegatingConstructorAccessorImpl.java:45)
	at java.lang.reflect.Constructor.newInstance(Constructor.java:423)
	at org.openqa.selenium.remote.http.W3CHttpResponseCodec.createException(W3CHttpResponseCodec.java:187)
	at org.openqa.selenium.remote.http.W3CHttpResponseCodec.decode(W3CHttpResponseCodec.java:122)
	at org.openqa.selenium.remote.http.W3CHttpResponseCodec.decode(W3CHttpResponseCodec.java:49)
	at org.openqa.selenium.remote.HttpCommandExecutor.execute(HttpCommandExecutor.java:158)
	at io.appium.java_client.remote.AppiumCommandExecutor.execute(AppiumCommandExecutor.java:239)
	at org.openqa.selenium.remote.RemoteWebDriver.execute(RemoteWebDriver.java:552)
	at io.appium.java_client.DefaultGenericMobileDriver.execute(DefaultGenericMobileDriver.java:42)
	at io.appium.java_client.AppiumDriver.execute(AppiumDriver.java:1)
	at io.appium.java_client.android.AndroidDriver.execute(AndroidDriver.java:1)
	at org.openqa.selenium.remote.RemoteWebDriver.findElement(RemoteWebDriver.java:323)
	at io.appium.java_client.DefaultGenericMobileDriver.findElement(DefaultGenericMobileDriver.java:62)
	at io.appium.java_client.AppiumDriver.findElement(AppiumDriver.java:1)
	at io.appium.java_client.android.AndroidDriver.findElement(AndroidDriver.java:1)
	at org.openqa.selenium.remote.RemoteWebDriver.findElementByCssSelector(RemoteWebDriver.java:420)
	at io.appium.java_client.DefaultGenericMobileDriver.findElementByCssSelector(DefaultGenericMobileDriver.java:139)
	at io.appium.java_client.AppiumDriver.findElementByCssSelector(AppiumDriver.java:1)
	at io.appium.java_client.android.AndroidDriver.findElementByCssSelector(AndroidDriver.java:1)
	at org.openqa.selenium.By$ByCssSelector.findElement(By.java:431)
	at org.openqa.selenium.remote.RemoteWebDriver.findElement(RemoteWebDriver.java:315)
	at io.appium.java_client.DefaultGenericMobileDriver.findElement(DefaultGenericMobileDriver.java:58)
	at io.appium.java_client.AppiumDriver.findElement(AppiumDriver.java:1)
	at io.appium.java_client.android.AndroidDriver.findElement(AndroidDriver.java:1)
	at io.appium.java_client.pagefactory.bys.ContentMappedBy.findElement(ContentMappedBy.java:50)
	at org.openqa.selenium.remote.RemoteWebDriver.findElement(RemoteWebDriver.java:315)
	at io.appium.java_client.DefaultGenericMobileDriver.findElement(DefaultGenericMobileDriver.java:58)
	at io.appium.java_client.AppiumDriver.findElement(AppiumDriver.java:1)
	at io.appium.java_client.android.AndroidDriver.findElement(AndroidDriver.java:1)
	at io.appium.java_client.pagefactory.AppiumElementLocator.lambda$0(AppiumElementLocator.java:120)
	at io.appium.java_client.pagefactory.AppiumElementLocator$WaitingFunction.apply(AppiumElementLocator.java:172)
	at io.appium.java_client.pagefactory.AppiumElementLocator$WaitingFunction.apply(AppiumElementLocator.java:1)
	at org.openqa.selenium.support.ui.FluentWait.until(FluentWait.java:249)
	... 26 more
]]>
            </full-stacktrace>
          </exception> <!-- org.openqa.selenium.NoSuchElementException -->
          <reporter-output>
          </reporter-output>
        </test-method> <!-- createAccountInTheSignupFlowAndThenDeactivateTheAccount -->
        <test-method status="PASS" signature="sendInviteAsTherapistInNorway(java.lang.String, java.lang.String, java.lang.String, java.lang.String, java.lang.String)[pri:0, instance:com.automation.testCases.Signup.EmailSignupTest@2d66dad4]" name="sendInviteAsTherapistInNorway" duration-ms="69524" started-at="2019-06-18T08:12:38Z" data-provider="invitePatientsNO" finished-at="2019-06-18T08:13:48Z">
          <params>
            <param index="0">
              <value>
                <![CDATA[NO]]>
              </value>
            </param>
            <param index="1">
              <value>
                <![CDATA[Sven]]>
              </value>
            </param>
            <param index="2">
              <value>
                <![CDATA[Svan]]>
              </value>
            </param>
            <param index="3">
              <value>
                <![CDATA[Sven.Svan@testno.no]]>
              </value>
            </param>
            <param index="4">
              <value>
                <![CDATA[123123123]]>
              </value>
            </param>
          </params>
          <reporter-output>
          </reporter-output>
        </test-method> <!-- sendInviteAsTherapistInNorway -->
        <test-method status="FAIL" signature="withInviteSignUpAndDectivateAccountInNorway(java.lang.String, java.lang.String, java.lang.String, java.lang.String, java.lang.String)[pri:0, instance:com.automation.testCases.Signup.EmailSignupTest@2d66dad4]" name="withInviteSignUpAndDectivateAccountInNorway" duration-ms="140555" started-at="2019-06-18T08:14:00Z" data-provider="invitePatientsNO" depends-on-methods="com.automation.testCases.Signup.EmailSignupTest.sendInviteAsTherapistInNorway" finished-at="2019-06-18T08:16:21Z">
          <params>
            <param index="0">
              <value>
                <![CDATA[NO]]>
              </value>
            </param>
            <param index="1">
              <value>
                <![CDATA[Sven]]>
              </value>
            </param>
            <param index="2">
              <value>
                <![CDATA[Svan]]>
              </value>
            </param>
            <param index="3">
              <value>
                <![CDATA[Sven.Svan@testno.no]]>
              </value>
            </param>
            <param index="4">
              <value>
                <![CDATA[123123123]]>
              </value>
            </param>
          </params>
          <exception class="org.openqa.selenium.NotFoundException">
            <message>
              <![CDATA[Build info: version: '3.141.59', revision: 'e82be7d358', time: '2018-11-14T08:17:03'
System info: host: 'DESKTOP-CCGNHEN', ip: '192.168.106.113', os.name: 'Windows 10', os.arch: 'amd64', os.version: '10.0', java.version: '1.8.0_211'
Driver info: driver.version: unknown]]>
            </message>
            <full-stacktrace>
              <![CDATA[org.openqa.selenium.NotFoundException: Build info: version: '3.141.59', revision: 'e82be7d358', time: '2018-11-14T08:17:03'
System info: host: 'DESKTOP-CCGNHEN', ip: '192.168.106.113', os.name: 'Windows 10', os.arch: 'amd64', os.version: '10.0', java.version: '1.8.0_211'
Driver info: driver.version: unknown
	at com.automation.pageObjects.StartPage.clickOnDebugButton(StartPage.java:36)
	at com.automation.testCases.Signup.EmailSignupTest.withInviteSignUpAndDectivateAccountInNorway(EmailSignupTest.java:45)
	at sun.reflect.NativeMethodAccessorImpl.invoke0(Native Method)
	at sun.reflect.NativeMethodAccessorImpl.invoke(NativeMethodAccessorImpl.java:62)
	at sun.reflect.DelegatingMethodAccessorImpl.invoke(DelegatingMethodAccessorImpl.java:43)
	at java.lang.reflect.Method.invoke(Method.java:498)
	at org.testng.internal.MethodInvocationHelper.invokeMethod(MethodInvocationHelper.java:104)
	at org.testng.internal.Invoker.invokeMethod(Invoker.java:645)
	at org.testng.internal.Invoker.invokeTestMethod(Invoker.java:851)
	at org.testng.internal.Invoker.invokeTestMethods(Invoker.java:1177)
	at org.testng.internal.TestMethodWorker.invokeTestMethods(TestMethodWorker.java:129)
	at org.testng.internal.TestMethodWorker.run(TestMethodWorker.java:112)
	at org.testng.TestRunner.privateRun(TestRunner.java:756)
	at org.testng.TestRunner.run(TestRunner.java:610)
	at org.testng.SuiteRunner.runTest(SuiteRunner.java:387)
	at org.testng.SuiteRunner.access$000(SuiteRunner.java:39)
	at org.testng.SuiteRunner$SuiteWorker.run(SuiteRunner.java:421)
	at org.testng.internal.thread.ThreadUtil$2.call(ThreadUtil.java:64)
	at java.util.concurrent.FutureTask.run(FutureTask.java:266)
	at java.util.concurrent.ThreadPoolExecutor.runWorker(ThreadPoolExecutor.java:1149)
	at java.util.concurrent.ThreadPoolExecutor$Worker.run(ThreadPoolExecutor.java:624)
	at java.lang.Thread.run(Thread.java:748)
]]>
            </full-stacktrace>
          </exception> <!-- org.openqa.selenium.NotFoundException -->
          <reporter-output>
          </reporter-output>
        </test-method> <!-- withInviteSignUpAndDectivateAccountInNorway -->
        <test-method status="PASS" signature="tearDown()[pri:0, instance:com.automation.testCases.Signup.EmailSignupTest@2d66dad4]" name="tearDown" is-config="true" duration-ms="1428" started-at="2019-06-18T08:16:21Z" finished-at="2019-06-18T08:16:22Z">
          <reporter-output>
          </reporter-output>
        </test-method> <!-- tearDown -->
        <test-method status="PASS" signature="stopAppiumServers(java.lang.String)[pri:0, instance:com.automation.testCases.Signup.EmailSignupTest@2d66dad4]" name="stopAppiumServers" is-config="true" duration-ms="870" started-at="2019-06-18T08:16:22Z" finished-at="2019-06-18T08:16:23Z">
          <params>
            <param index="0">
              <value>
                <![CDATA[5100]]>
              </value>
            </param>
          </params>
          <reporter-output>
          </reporter-output>
        </test-method> <!-- stopAppiumServers -->
      </class> <!-- com.automation.testCases.Signup.EmailSignupTest -->
    </test> <!-- Android device 1 -->
    <test name="Android device 2" duration-ms="554987" started-at="2019-06-18T06:07:50Z" finished-at="2019-06-18T06:17:05Z">
      <class name="com.automation.testCases.Login.EmailLoginTest">
        <test-method status="PASS" signature="setup(java.lang.String, java.lang.String, java.lang.String, java.lang.String)[pri:0, instance:com.automation.testCases.Login.EmailLoginTest@17b34713]" name="setup" is-config="true" duration-ms="14369" started-at="2019-06-18T08:15:45Z" finished-at="2019-06-18T08:16:00Z">
          <params>
            <param index="0">
              <value>
                <![CDATA[52RBB18123202825]]>
              </value>
            </param>
            <param index="1">
              <value>
                <![CDATA[6.0]]>
              </value>
            </param>
            <param index="2">
              <value>
                <![CDATA[Android]]>
              </value>
            </param>
            <param index="3">
              <value>
                <![CDATA[5200]]>
              </value>
            </param>
          </params>
          <reporter-output>
          </reporter-output>
        </test-method> <!-- setup -->
        <test-method status="FAIL" signature="fromStartpageLoginWithWrongCredentialSE()[pri:0, instance:com.automation.testCases.Login.EmailLoginTest@17b34713]" name="fromStartpageLoginWithWrongCredentialSE" duration-ms="0" started-at="2019-06-18T08:16:00Z" finished-at="2019-06-18T08:16:00Z">
          <exception class="java.lang.NullPointerException">
            <full-stacktrace>
              <![CDATA[java.lang.NullPointerException
	at com.automation.testCases.Login.EmailLoginTest.fromStartpageLoginWithWrongCredentialSE(EmailLoginTest.java:18)
	at sun.reflect.NativeMethodAccessorImpl.invoke0(Native Method)
	at sun.reflect.NativeMethodAccessorImpl.invoke(NativeMethodAccessorImpl.java:62)
	at sun.reflect.DelegatingMethodAccessorImpl.invoke(DelegatingMethodAccessorImpl.java:43)
	at java.lang.reflect.Method.invoke(Method.java:498)
	at org.testng.internal.MethodInvocationHelper.invokeMethod(MethodInvocationHelper.java:104)
	at org.testng.internal.Invoker.invokeMethod(Invoker.java:645)
	at org.testng.internal.Invoker.invokeTestMethod(Invoker.java:851)
	at org.testng.internal.Invoker.invokeTestMethods(Invoker.java:1177)
	at org.testng.internal.TestMethodWorker.invokeTestMethods(TestMethodWorker.java:129)
	at org.testng.internal.TestMethodWorker.run(TestMethodWorker.java:112)
	at org.testng.TestRunner.privateRun(TestRunner.java:756)
	at org.testng.TestRunner.run(TestRunner.java:610)
	at org.testng.SuiteRunner.runTest(SuiteRunner.java:387)
	at org.testng.SuiteRunner.access$000(SuiteRunner.java:39)
	at org.testng.SuiteRunner$SuiteWorker.run(SuiteRunner.java:421)
	at org.testng.internal.thread.ThreadUtil$2.call(ThreadUtil.java:64)
	at java.util.concurrent.FutureTask.run(FutureTask.java:266)
	at java.util.concurrent.ThreadPoolExecutor.runWorker(ThreadPoolExecutor.java:1149)
	at java.util.concurrent.ThreadPoolExecutor$Worker.run(ThreadPoolExecutor.java:624)
	at java.lang.Thread.run(Thread.java:748)
]]>
            </full-stacktrace>
          </exception> <!-- java.lang.NullPointerException -->
          <reporter-output>
          </reporter-output>
        </test-method> <!-- fromStartpageLoginWithWrongCredentialSE -->
        <test-method status="PASS" signature="tearDown()[pri:0, instance:com.automation.testCases.Login.EmailLoginTest@17b34713]" name="tearDown" is-config="true" duration-ms="0" started-at="2019-06-18T08:17:04Z" finished-at="2019-06-18T08:17:04Z">
          <reporter-output>
          </reporter-output>
        </test-method> <!-- tearDown -->
        <test-method status="SKIP" signature="fromStartpageLoginWitDdifferentWrongCredential(java.lang.String, java.lang.String, java.lang.String)[pri:0, instance:com.automation.testCases.Login.EmailLoginTest@17b34713]" name="fromStartpageLoginWitDdifferentWrongCredential" duration-ms="0" started-at="2019-06-18T08:17:04Z" data-provider="loginAccountsSE" depends-on-methods="com.automation.testCases.Login.EmailLoginTest.fromStartpageLoginWithWrongCredentialSE" finished-at="2019-06-18T08:17:04Z">
          <exception class="java.lang.Throwable">
            <message>
              <![CDATA[Method EmailLoginTest.fromStartpageLoginWitDdifferentWrongCredential(java.lang.String, java.lang.String, java.lang.String)[pri:0, instance:com.automation.testCases.Login.EmailLoginTest@17b34713] depends on not successfully finished methods]]>
            </message>
            <full-stacktrace>
              <![CDATA[java.lang.Throwable: Method EmailLoginTest.fromStartpageLoginWitDdifferentWrongCredential(java.lang.String, java.lang.String, java.lang.String)[pri:0, instance:com.automation.testCases.Login.EmailLoginTest@17b34713] depends on not successfully finished methods
	at org.testng.internal.Invoker.invokeTestMethods(Invoker.java:1068)
	at org.testng.internal.TestMethodWorker.invokeTestMethods(TestMethodWorker.java:129)
	at org.testng.internal.TestMethodWorker.run(TestMethodWorker.java:112)
	at org.testng.TestRunner.privateRun(TestRunner.java:756)
	at org.testng.TestRunner.run(TestRunner.java:610)
	at org.testng.SuiteRunner.runTest(SuiteRunner.java:387)
	at org.testng.SuiteRunner.access$000(SuiteRunner.java:39)
	at org.testng.SuiteRunner$SuiteWorker.run(SuiteRunner.java:421)
	at org.testng.internal.thread.ThreadUtil$2.call(ThreadUtil.java:64)
	at java.util.concurrent.FutureTask.run(FutureTask.java:266)
	at java.util.concurrent.ThreadPoolExecutor.runWorker(ThreadPoolExecutor.java:1149)
	at java.util.concurrent.ThreadPoolExecutor$Worker.run(ThreadPoolExecutor.java:624)
	at java.lang.Thread.run(Thread.java:748)
]]>
            </full-stacktrace>
          </exception> <!-- java.lang.Throwable -->
          <reporter-output>
          </reporter-output>
        </test-method> <!-- fromStartpageLoginWitDdifferentWrongCredential -->
      </class> <!-- com.automation.testCases.Login.EmailLoginTest -->
      <class name="com.automation.testCases.Signup.EmailSignupTest">
        <test-method status="PASS" signature="startAppiumServers(java.lang.String)[pri:0, instance:com.automation.testCases.Signup.EmailSignupTest@4e673509]" name="startAppiumServers" is-config="true" duration-ms="7" started-at="2019-06-18T08:07:50Z" finished-at="2019-06-18T08:07:50Z">
          <params>
            <param index="0">
              <value>
                <![CDATA[5200]]>
              </value>
            </param>
          </params>
          <reporter-output>
          </reporter-output>
        </test-method> <!-- startAppiumServers -->
        <test-method status="PASS" signature="setup(java.lang.String, java.lang.String, java.lang.String, java.lang.String)[pri:0, instance:com.automation.testCases.Signup.EmailSignupTest@4e673509]" name="setup" is-config="true" duration-ms="46781" started-at="2019-06-18T08:07:50Z" finished-at="2019-06-18T08:08:37Z">
          <params>
            <param index="0">
              <value>
                <![CDATA[52RBB18123202825]]>
              </value>
            </param>
            <param index="1">
              <value>
                <![CDATA[6.0]]>
              </value>
            </param>
            <param index="2">
              <value>
                <![CDATA[Android]]>
              </value>
            </param>
            <param index="3">
              <value>
                <![CDATA[5200]]>
              </value>
            </param>
          </params>
          <reporter-output>
          </reporter-output>
        </test-method> <!-- setup -->
        <test-method status="PASS" signature="createAccountInTheSignupFlowAndThenDeactivateTheAccount(java.lang.String, java.lang.String, java.lang.String, java.lang.String, java.lang.String)[pri:0, instance:com.automation.testCases.Signup.EmailSignupTest@4e673509]" name="createAccountInTheSignupFlowAndThenDeactivateTheAccount" duration-ms="120672" started-at="2019-06-18T08:08:37Z" data-provider="userPerCountry" finished-at="2019-06-18T08:10:37Z">
          <params>
            <param index="0">
              <value>
                <![CDATA[SE]]>
              </value>
            </param>
            <param index="1">
              <value>
                <![CDATA[Testse]]>
              </value>
            </param>
            <param index="2">
              <value>
                <![CDATA[test]]>
              </value>
            </param>
            <param index="3">
              <value>
                <![CDATA[Testse.test@testse.com]]>
              </value>
            </param>
            <param index="4">
              <value>
                <![CDATA[12345678]]>
              </value>
            </param>
          </params>
          <reporter-output>
          </reporter-output>
        </test-method> <!-- createAccountInTheSignupFlowAndThenDeactivateTheAccount -->
        <test-method status="PASS" signature="createAccountInTheSignupFlowAndThenDeactivateTheAccount(java.lang.String, java.lang.String, java.lang.String, java.lang.String, java.lang.String)[pri:0, instance:com.automation.testCases.Signup.EmailSignupTest@4e673509]" name="createAccountInTheSignupFlowAndThenDeactivateTheAccount" duration-ms="125352" started-at="2019-06-18T08:10:37Z" data-provider="userPerCountry" finished-at="2019-06-18T08:12:43Z">
          <params>
            <param index="0">
              <value>
                <![CDATA[US]]>
              </value>
            </param>
            <param index="1">
              <value>
                <![CDATA[Testus]]>
              </value>
            </param>
            <param index="2">
              <value>
                <![CDATA[test]]>
              </value>
            </param>
            <param index="3">
              <value>
                <![CDATA[Testus.test@testus.com]]>
              </value>
            </param>
            <param index="4">
              <value>
                <![CDATA[87654321]]>
              </value>
            </param>
          </params>
          <reporter-output>
          </reporter-output>
        </test-method> <!-- createAccountInTheSignupFlowAndThenDeactivateTheAccount -->
        <test-method status="PASS" signature="createAccountInTheSignupFlowAndThenDeactivateTheAccount(java.lang.String, java.lang.String, java.lang.String, java.lang.String, java.lang.String)[pri:0, instance:com.automation.testCases.Signup.EmailSignupTest@4e673509]" name="createAccountInTheSignupFlowAndThenDeactivateTheAccount" duration-ms="118727" started-at="2019-06-18T08:12:43Z" data-provider="userPerCountry" finished-at="2019-06-18T08:14:41Z">
          <params>
            <param index="0">
              <value>
                <![CDATA[NO]]>
              </value>
            </param>
            <param index="1">
              <value>
                <![CDATA[Testno]]>
              </value>
            </param>
            <param index="2">
              <value>
                <![CDATA[test]]>
              </value>
            </param>
            <param index="3">
              <value>
                <![CDATA[Testno.test@testno.com]]>
              </value>
            </param>
            <param index="4">
              <value>
                <![CDATA[87654321]]>
              </value>
            </param>
          </params>
          <reporter-output>
          </reporter-output>
        </test-method> <!-- createAccountInTheSignupFlowAndThenDeactivateTheAccount -->
        <test-method status="PASS" signature="sendInviteAsTherapistInNorway(java.lang.String, java.lang.String, java.lang.String, java.lang.String, java.lang.String)[pri:0, instance:com.automation.testCases.Signup.EmailSignupTest@4e673509]" name="sendInviteAsTherapistInNorway" duration-ms="63848" started-at="2019-06-18T08:14:41Z" data-provider="invitePatientsNO" finished-at="2019-06-18T08:15:45Z">
          <params>
            <param index="0">
              <value>
                <![CDATA[NO]]>
              </value>
            </param>
            <param index="1">
              <value>
                <![CDATA[Sven]]>
              </value>
            </param>
            <param index="2">
              <value>
                <![CDATA[Svan]]>
              </value>
            </param>
            <param index="3">
              <value>
                <![CDATA[Sven.Svan@testno.no]]>
              </value>
            </param>
            <param index="4">
              <value>
                <![CDATA[123123123]]>
              </value>
            </param>
          </params>
          <reporter-output>
          </reporter-output>
        </test-method> <!-- sendInviteAsTherapistInNorway -->
        <test-method status="FAIL" signature="withInviteSignUpAndDectivateAccountInNorway(java.lang.String, java.lang.String, java.lang.String, java.lang.String, java.lang.String)[pri:0, instance:com.automation.testCases.Signup.EmailSignupTest@4e673509]" name="withInviteSignUpAndDectivateAccountInNorway" duration-ms="59564" started-at="2019-06-18T08:16:00Z" data-provider="invitePatientsNO" depends-on-methods="com.automation.testCases.Signup.EmailSignupTest.sendInviteAsTherapistInNorway" finished-at="2019-06-18T08:16:59Z">
          <params>
            <param index="0">
              <value>
                <![CDATA[NO]]>
              </value>
            </param>
            <param index="1">
              <value>
                <![CDATA[Sven]]>
              </value>
            </param>
            <param index="2">
              <value>
                <![CDATA[Svan]]>
              </value>
            </param>
            <param index="3">
              <value>
                <![CDATA[Sven.Svan@testno.no]]>
              </value>
            </param>
            <param index="4">
              <value>
                <![CDATA[123123123]]>
              </value>
            </param>
          </params>
          <exception class="org.openqa.selenium.NotFoundException">
            <message>
              <![CDATA[Build info: version: '3.141.59', revision: 'e82be7d358', time: '2018-11-14T08:17:03'
System info: host: 'DESKTOP-CCGNHEN', ip: '192.168.106.113', os.name: 'Windows 10', os.arch: 'amd64', os.version: '10.0', java.version: '1.8.0_211'
Driver info: driver.version: unknown]]>
            </message>
            <full-stacktrace>
              <![CDATA[org.openqa.selenium.NotFoundException: Build info: version: '3.141.59', revision: 'e82be7d358', time: '2018-11-14T08:17:03'
System info: host: 'DESKTOP-CCGNHEN', ip: '192.168.106.113', os.name: 'Windows 10', os.arch: 'amd64', os.version: '10.0', java.version: '1.8.0_211'
Driver info: driver.version: unknown
	at com.automation.pageObjects.StartPage.clickOnDebugButton(StartPage.java:36)
	at com.automation.testCases.Signup.EmailSignupTest.withInviteSignUpAndDectivateAccountInNorway(EmailSignupTest.java:45)
	at sun.reflect.NativeMethodAccessorImpl.invoke0(Native Method)
	at sun.reflect.NativeMethodAccessorImpl.invoke(NativeMethodAccessorImpl.java:62)
	at sun.reflect.DelegatingMethodAccessorImpl.invoke(DelegatingMethodAccessorImpl.java:43)
	at java.lang.reflect.Method.invoke(Method.java:498)
	at org.testng.internal.MethodInvocationHelper.invokeMethod(MethodInvocationHelper.java:104)
	at org.testng.internal.Invoker.invokeMethod(Invoker.java:645)
	at org.testng.internal.Invoker.invokeTestMethod(Invoker.java:851)
	at org.testng.internal.Invoker.invokeTestMethods(Invoker.java:1177)
	at org.testng.internal.TestMethodWorker.invokeTestMethods(TestMethodWorker.java:129)
	at org.testng.internal.TestMethodWorker.run(TestMethodWorker.java:112)
	at org.testng.TestRunner.privateRun(TestRunner.java:756)
	at org.testng.TestRunner.run(TestRunner.java:610)
	at org.testng.SuiteRunner.runTest(SuiteRunner.java:387)
	at org.testng.SuiteRunner.access$000(SuiteRunner.java:39)
	at org.testng.SuiteRunner$SuiteWorker.run(SuiteRunner.java:421)
	at org.testng.internal.thread.ThreadUtil$2.call(ThreadUtil.java:64)
	at java.util.concurrent.FutureTask.run(FutureTask.java:266)
	at java.util.concurrent.ThreadPoolExecutor.runWorker(ThreadPoolExecutor.java:1149)
	at java.util.concurrent.ThreadPoolExecutor$Worker.run(ThreadPoolExecutor.java:624)
	at java.lang.Thread.run(Thread.java:748)
]]>
            </full-stacktrace>
          </exception> <!-- org.openqa.selenium.NotFoundException -->
          <reporter-output>
          </reporter-output>
        </test-method> <!-- withInviteSignUpAndDectivateAccountInNorway -->
        <test-method status="PASS" signature="tearDown()[pri:0, instance:com.automation.testCases.Signup.EmailSignupTest@4e673509]" name="tearDown" is-config="true" duration-ms="4998" started-at="2019-06-18T08:16:59Z" finished-at="2019-06-18T08:17:04Z">
          <reporter-output>
          </reporter-output>
        </test-method> <!-- tearDown -->
        <test-method status="PASS" signature="stopAppiumServers(java.lang.String)[pri:0, instance:com.automation.testCases.Signup.EmailSignupTest@4e673509]" name="stopAppiumServers" is-config="true" duration-ms="664" started-at="2019-06-18T08:17:04Z" finished-at="2019-06-18T08:17:05Z">
          <params>
            <param index="0">
              <value>
                <![CDATA[5200]]>
              </value>
            </param>
          </params>
          <reporter-output>
          </reporter-output>
        </test-method> <!-- stopAppiumServers -->
      </class> <!-- com.automation.testCases.Signup.EmailSignupTest -->
    </test> <!-- Android device 2 -->
  </suite> <!-- All tests -->
</testng-results>
