<?xml version="1.0" encoding="UTF-8"?>
<testsuite name="com.automation.testCases.Login.EmailLoginTest" tests="4" skipped="2" failures="2" errors="0" timestamp="2019-06-18T06:14:00" hostname="DESKTOP-CCGNHEN" time="183.683">
  <properties/>
  <testcase name="fromStartpageLoginWithWrongCredentialSE" classname="com.automation.testCases.Login.EmailLoginTest" time="0.0">
    <failure message="java.lang.NullPointerException" type="java.lang.NullPointerException">java.lang.NullPointerException
	at com.automation.testCases.Login.EmailLoginTest.fromStartpageLoginWithWrongCredentialSE(EmailLoginTest.java:18)
	at sun.reflect.NativeMethodAccessorImpl.invoke0(Native Method)
	at sun.reflect.NativeMethodAccessorImpl.invoke(NativeMethodAccessorImpl.java:62)
	at sun.reflect.DelegatingMethodAccessorImpl.invoke(DelegatingMethodAccessorImpl.java:43)
	at java.lang.reflect.Method.invoke(Method.java:498)
	at org.testng.internal.MethodInvocationHelper.invokeMethod(MethodInvocationHelper.java:104)
	at org.testng.internal.Invoker.invokeMethod(Invoker.java:645)
	at org.testng.internal.Invoker.invokeTestMethod(Invoker.java:851)
	at org.testng.internal.Invoker.invokeTestMethods(Invoker.java:1177)
	at org.testng.internal.TestMethodWorker.invokeTestMethods(TestMethodWorker.java:129)
	at org.testng.internal.TestMethodWorker.run(TestMethodWorker.java:112)
	at org.testng.TestRunner.privateRun(TestRunner.java:756)
	at org.testng.TestRunner.run(TestRunner.java:610)
	at org.testng.SuiteRunner.runTest(SuiteRunner.java:387)
	at org.testng.SuiteRunner.access$000(SuiteRunner.java:39)
	at org.testng.SuiteRunner$SuiteWorker.run(SuiteRunner.java:421)
	at org.testng.internal.thread.ThreadUtil$2.call(ThreadUtil.java:64)
	at java.util.concurrent.FutureTask.run(FutureTask.java:266)
	at java.util.concurrent.ThreadPoolExecutor.runWorker(ThreadPoolExecutor.java:1149)
	at java.util.concurrent.ThreadPoolExecutor$Worker.run(ThreadPoolExecutor.java:624)
	at java.lang.Thread.run(Thread.java:748)
</failure>
  </testcase>
  <testcase name="fromStartpageLoginWithWrongCredentialSE" classname="com.automation.testCases.Login.EmailLoginTest" time="0.0">
    <failure message="java.lang.NullPointerException" type="java.lang.NullPointerException">java.lang.NullPointerException
	at com.automation.testCases.Login.EmailLoginTest.fromStartpageLoginWithWrongCredentialSE(EmailLoginTest.java:18)
	at sun.reflect.NativeMethodAccessorImpl.invoke0(Native Method)
	at sun.reflect.NativeMethodAccessorImpl.invoke(NativeMethodAccessorImpl.java:62)
	at sun.reflect.DelegatingMethodAccessorImpl.invoke(DelegatingMethodAccessorImpl.java:43)
	at java.lang.reflect.Method.invoke(Method.java:498)
	at org.testng.internal.MethodInvocationHelper.invokeMethod(MethodInvocationHelper.java:104)
	at org.testng.internal.Invoker.invokeMethod(Invoker.java:645)
	at org.testng.internal.Invoker.invokeTestMethod(Invoker.java:851)
	at org.testng.internal.Invoker.invokeTestMethods(Invoker.java:1177)
	at org.testng.internal.TestMethodWorker.invokeTestMethods(TestMethodWorker.java:129)
	at org.testng.internal.TestMethodWorker.run(TestMethodWorker.java:112)
	at org.testng.TestRunner.privateRun(TestRunner.java:756)
	at org.testng.TestRunner.run(TestRunner.java:610)
	at org.testng.SuiteRunner.runTest(SuiteRunner.java:387)
	at org.testng.SuiteRunner.access$000(SuiteRunner.java:39)
	at org.testng.SuiteRunner$SuiteWorker.run(SuiteRunner.java:421)
	at org.testng.internal.thread.ThreadUtil$2.call(ThreadUtil.java:64)
	at java.util.concurrent.FutureTask.run(FutureTask.java:266)
	at java.util.concurrent.ThreadPoolExecutor.runWorker(ThreadPoolExecutor.java:1149)
	at java.util.concurrent.ThreadPoolExecutor$Worker.run(ThreadPoolExecutor.java:624)
	at java.lang.Thread.run(Thread.java:748)
</failure>
  </testcase>
  <testcase name="fromStartpageLoginWitDdifferentWrongCredential" classname="com.automation.testCases.Login.EmailLoginTest" time="0.0">
    <skipped/>
  </testcase>
  <testcase name="fromStartpageLoginWitDdifferentWrongCredential" classname="com.automation.testCases.Login.EmailLoginTest" time="0.0">
    <skipped/>
  </testcase>
  <system-out><![CDATA[]]></system-out>
  <system-err><![CDATA[Jun 18, 2019 8:13:48 AM com.automation.config.WebDriver createOrReuseDriver
INFO: Already INITIATED driver for emulator-5554
Jun 18, 2019 8:13:58 AM com.automation.helpFunctions.HelpFunctions checkInitiationofPageObject
INFO:  Waiting for Page Object to be instantiated 52RBB18123202825 loop nr 0
Jun 18, 2019 8:15:45 AM com.automation.config.WebDriver createOrReuseDriver
INFO: Already INITIATED driver for 52RBB18123202825
Jun 18, 2019 8:15:49 AM com.automation.helpFunctions.HelpFunctions waitForThePageObjectToBeLoadedToFindTheWebElement
INFO: Catched an exception while in the loop emulator-5554 driverId io.appium.java_client.android.AndroidDriver, Capabilities: {appActivity=.MainActivity, appPackage=ai.arthro.jointacademy_stage, autoWebview=true, chromedriverExecutableDir=C:\Users\gordo\githubJA\e2e-test-automation-framework\chromeDrivers, databaseEnabled=false, desired={platformName=android, chromedriverExecutableDir=C:\Users\gordo\githubJA\e2e-test-automation-framework\chromeDrivers, appActivity=.MainActivity, appPackage=ai.arthro.jointacademy_stage, autoWebview=true, deviceName=emulator-5554, newCommandTimeout=50, noReset=false, platformVersion=7.1.1, udid=emulator-5554}, deviceManufacturer=Google, deviceModel=Android SDK built for x86, deviceName=emulator-5554, deviceScreenSize=1440x2560, deviceUDID=emulator-5554, javascriptEnabled=true, locationContextEnabled=false, networkConnectionEnabled=true, newCommandTimeout=50, noReset=false, platform=LINUX, platformName=Android, platformVersion=7.1.1, takesScreenshot=true, udid=emulator-5554, warnings={}, webStorageEnabled=false}
Jun 18, 2019 8:15:49 AM com.automation.helpFunctions.HelpFunctions waitForThePageObjectToBeLoadedToFindTheWebElement
INFO: In the loop  waiting for the Page Object on emulator-5554 loop nr 24 for element button.registration__debug-settings-button
Jun 18, 2019 8:15:53 AM com.automation.helpFunctions.HelpFunctions waitForThePageObjectToBeLoadedToFindTheWebElement
INFO: Catched an exception while in the loop emulator-5554 driverId io.appium.java_client.android.AndroidDriver, Capabilities: {appActivity=.MainActivity, appPackage=ai.arthro.jointacademy_stage, autoWebview=true, chromedriverExecutableDir=C:\Users\gordo\githubJA\e2e-test-automation-framework\chromeDrivers, databaseEnabled=false, desired={platformName=android, chromedriverExecutableDir=C:\Users\gordo\githubJA\e2e-test-automation-framework\chromeDrivers, appActivity=.MainActivity, appPackage=ai.arthro.jointacademy_stage, autoWebview=true, deviceName=emulator-5554, newCommandTimeout=50, noReset=false, platformVersion=7.1.1, udid=emulator-5554}, deviceManufacturer=Google, deviceModel=Android SDK built for x86, deviceName=emulator-5554, deviceScreenSize=1440x2560, deviceUDID=emulator-5554, javascriptEnabled=true, locationContextEnabled=false, networkConnectionEnabled=true, newCommandTimeout=50, noReset=false, platform=LINUX, platformName=Android, platformVersion=7.1.1, takesScreenshot=true, udid=emulator-5554, warnings={}, webStorageEnabled=false}
Jun 18, 2019 8:15:53 AM com.automation.helpFunctions.HelpFunctions waitForThePageObjectToBeLoadedToFindTheWebElement
INFO: In the loop  waiting for the Page Object on emulator-5554 loop nr 26 for element button.registration__debug-settings-button
Jun 18, 2019 8:15:57 AM com.automation.helpFunctions.HelpFunctions waitForThePageObjectToBeLoadedToFindTheWebElement
INFO: Catched an exception while in the loop emulator-5554 driverId io.appium.java_client.android.AndroidDriver, Capabilities: {appActivity=.MainActivity, appPackage=ai.arthro.jointacademy_stage, autoWebview=true, chromedriverExecutableDir=C:\Users\gordo\githubJA\e2e-test-automation-framework\chromeDrivers, databaseEnabled=false, desired={platformName=android, chromedriverExecutableDir=C:\Users\gordo\githubJA\e2e-test-automation-framework\chromeDrivers, appActivity=.MainActivity, appPackage=ai.arthro.jointacademy_stage, autoWebview=true, deviceName=emulator-5554, newCommandTimeout=50, noReset=false, platformVersion=7.1.1, udid=emulator-5554}, deviceManufacturer=Google, deviceModel=Android SDK built for x86, deviceName=emulator-5554, deviceScreenSize=1440x2560, deviceUDID=emulator-5554, javascriptEnabled=true, locationContextEnabled=false, networkConnectionEnabled=true, newCommandTimeout=50, noReset=false, platform=LINUX, platformName=Android, platformVersion=7.1.1, takesScreenshot=true, udid=emulator-5554, warnings={}, webStorageEnabled=false}
Jun 18, 2019 8:15:57 AM com.automation.helpFunctions.HelpFunctions waitForThePageObjectToBeLoadedToFindTheWebElement
INFO: In the loop  waiting for the Page Object on emulator-5554 loop nr 28 for element button.registration__debug-settings-button
]]></system-err>
</testsuite>
