<?xml version="1.0" encoding="UTF-8"?>
<!-- Generated by org.testng.reporters.JUnitXMLReporter -->
<testsuite hostname="DESKTOP-CCGNHEN" ignored="2" name="Android device 2" tests="7" failures="2" timestamp="18 Jun 2019 06:17:05 GMT" time="554.987" errors="0">
  <testcase name="createAccountInTheSignupFlowAndThenDeactivateTheAccount" time="120.672" classname="com.automation.testCases.Signup.EmailSignupTest"/>
  <testcase name="createAccountInTheSignupFlowAndThenDeactivateTheAccount" time="125.352" classname="com.automation.testCases.Signup.EmailSignupTest"/>
  <testcase name="createAccountInTheSignupFlowAndThenDeactivateTheAccount" time="118.727" classname="com.automation.testCases.Signup.EmailSignupTest"/>
  <testcase name="sendInviteAsTherapistInNorway" time="63.848" classname="com.automation.testCases.Signup.EmailSignupTest"/>
  <testcase name="fromStartpageLoginWithWrongCredentialSE" time="0.0" classname="com.automation.testCases.Login.EmailLoginTest">
    <failure type="java.lang.NullPointerException">
      <![CDATA[java.lang.NullPointerException
	at com.automation.testCases.Login.EmailLoginTest.fromStartpageLoginWithWrongCredentialSE(EmailLoginTest.java:18)
	at java.util.concurrent.FutureTask.run(FutureTask.java:266)
	at java.util.concurrent.ThreadPoolExecutor.runWorker(ThreadPoolExecutor.java:1149)
	at java.util.concurrent.ThreadPoolExecutor$Worker.run(ThreadPoolExecutor.java:624)
	at java.lang.Thread.run(Thread.java:748)
... Removed 16 stack frames]]>
    </failure>
  </testcase> <!-- fromStartpageLoginWithWrongCredentialSE -->
  <testcase name="withInviteSignUpAndDectivateAccountInNorway" time="59.564" classname="com.automation.testCases.Signup.EmailSignupTest">
    <failure type="org.openqa.selenium.NotFoundException" message="Build info: version: &amp;apos;3.141.59&amp;apos;, revision: &amp;apos;e82be7d358&amp;apos;, time: &amp;apos;2018-11-14T08:17:03&amp;apos;
System info: host: &amp;apos;DESKTOP-CCGNHEN&amp;apos;, ip: &amp;apos;192.168.106.113&amp;apos;, os.name: &amp;apos;Windows 10&amp;apos;, os.arch: &amp;apos;amd64&amp;apos;, os.version: &amp;apos;10.0&amp;apos;, java.version: &amp;apos;1.8.0_211&amp;apos;
Driver info: driver.version: unknown">
      <![CDATA[org.openqa.selenium.NotFoundException: Build info: version: '3.141.59', revision: 'e82be7d358', time: '2018-11-14T08:17:03'
System info: host: 'DESKTOP-CCGNHEN', ip: '192.168.106.113', os.name: 'Windows 10', os.arch: 'amd64', os.version: '10.0', java.version: '1.8.0_211'
Driver info: driver.version: unknown
	at com.automation.pageObjects.StartPage.clickOnDebugButton(StartPage.java:36)
	at com.automation.testCases.Signup.EmailSignupTest.withInviteSignUpAndDectivateAccountInNorway(EmailSignupTest.java:45)
	at java.util.concurrent.FutureTask.run(FutureTask.java:266)
	at java.util.concurrent.ThreadPoolExecutor.runWorker(ThreadPoolExecutor.java:1149)
	at java.util.concurrent.ThreadPoolExecutor$Worker.run(ThreadPoolExecutor.java:624)
	at java.lang.Thread.run(Thread.java:748)
... Removed 16 stack frames]]>
    </failure>
  </testcase> <!-- withInviteSignUpAndDectivateAccountInNorway -->
  <testcase name="fromStartpageLoginWitDdifferentWrongCredential" time="0.0" classname="com.automation.testCases.Login.EmailLoginTest">
    <skipped/>
  </testcase> <!-- fromStartpageLoginWitDdifferentWrongCredential -->
  <testcase name="@AfterTest stopAppiumServers" time="0.0" classname="com.automation.config.BaseTest">
    <ignored/>
  </testcase> <!-- @AfterTest stopAppiumServers -->
  <testcase name="@BeforeTest startAppiumServers" time="0.0" classname="com.automation.config.BaseTest">
    <ignored/>
  </testcase> <!-- @BeforeTest startAppiumServers -->
</testsuite> <!-- Android device 2 -->
